<?xml version="1.0" encoding="UTF-8"?>
<testsuite xmlns:xsi="http://www.w3.org/2001/XMLSchema-instance" xsi:noNamespaceSchemaLocation="https://maven.apache.org/surefire/maven-surefire-plugin/xsd/surefire-test-report-3.0.xsd" version="3.0" name="nl.rocnijmegen.testing.AppIntegrationTest" time="0.113" tests="3" errors="0" skipped="0" failures="0">
  <properties>
[...]
</properties>
  <testcase name="testGeblokkeerdePostcodeFout" classname="nl.rocnijmegen.testing.AppIntegrationTest" time="0.048">
    <system-out><![CDATA[Voer uw maandinkomen in:
Heeft u een partner? (ja/nee):
Voer het maandinkomen van uw partner in:
Heeft u een studieschuld? (ja/nee):
Voer uw leeftijd in:
Voer uw postcode in:
Uw postcode komt niet in aanmerking voor een hypotheek vanwege aardbevingsrisico's.
]]></system-out>
  </testcase>
  <testcase name="testBerekenLeningMetPartner" classname="nl.rocnijmegen.testing.AppIntegrationTest" time="0.018">
    <system-out><![CDATA[Voer uw maandinkomen in:
Heeft u een partner? (ja/nee):
Voer het maandinkomen van uw partner in:
Heeft u een studieschuld? (ja/nee):
Voer uw leeftijd in:
Voer uw postcode in:
Kies een rentevaste periode (1, 5, 10, 20, 30 jaar):
Het maximaal te lenen bedrag is: €18000,00
De maandlasten zijn: €177,99
De totale betaling na 10 jaar is: €21359,35
]]></system-out>
  </testcase>
  <testcase name="testBerekenLeningZonderPartner" classname="nl.rocnijmegen.testing.AppIntegrationTest" time="0.007">
    <system-out><![CDATA[Voer uw maandinkomen in:
Heeft u een partner? (ja/nee):
Heeft u een studieschuld? (ja/nee):
Voer uw leeftijd in:
Voer uw postcode in:
Kies een rentevaste periode (1, 5, 10, 20, 30 jaar):
Het maximaal te lenen bedrag is: €9000,00
De maandlasten zijn: €89,00
De totale betaling na 10 jaar is: €10679,67
]]></system-out>
  </testcase>
</testsuite>